{
 "VCAP_SERVICES": {
  "hana": [
   {
    "binding_name": null,
    "credentials": {
     "certificate": "-----BEGIN CERTIFICATE-----\nMIIDrzCCApegAwIBAgIQCDvgVpBCRrGhdWrJWZHHSjANBgkqhkiG9w0BAQUFADBh\nMQswCQYDVQQGEwJVUzEVMBMGA1UEChMMRGlnaUNlcnQgSW5jMRkwFwYDVQQLExB3\nd3cuZGlnaWNlcnQuY29tMSAwHgYDVQQDExdEaWdpQ2VydCBHbG9iYWwgUm9vdCBD\nQTAeFw0wNjExMTAwMDAwMDBaFw0zMTExMTAwMDAwMDBaMGExCzAJBgNVBAYTAlVT\nMRUwEwYDVQQKEwxEaWdpQ2VydCBJbmMxGTAXBgNVBAsTEHd3dy5kaWdpY2VydC5j\nb20xIDAeBgNVBAMTF0RpZ2lDZXJ0IEdsb2JhbCBSb290IENBMIIBIjANBgkqhkiG\n9w0BAQEFAAOCAQ8AMIIBCgKCAQEA4jvhEXLeqKTTo1eqUKKPC3eQyaKl7hLOllsB\nCSDMAZOnTjC3U/dDxGkAV53ijSLdhwZAAIEJzs4bg7/fzTtxRuLWZscFs3YnFo97\nnh6Vfe63SKMI2tavegw5BmV/Sl0fvBf4q77uKNd0f3p4mVmFaG5cIzJLv07A6Fpt\n43C/dxC//AH2hdmoRBBYMql1GNXRor5H4idq9Joz+EkIYIvUX7Q6hL+hqkpMfT7P\nT19sdl6gSzeRntwi5m3OFBqOasv+zbMUZBfHWymeMr/y7vrTC0LUq7dBMtoM1O/4\ngdW7jVg/tRvoSSiicNoxBN33shbyTApOB6jtSj1etX+jkMOvJwIDAQABo2MwYTAO\nBgNVHQ8BAf8EBAMCAYYwDwYDVR0TAQH/BAUwAwEB/zAdBgNVHQ4EFgQUA95QNVbR\nTLtm8KPiGxvDl7I90VUwHwYDVR0jBBgwFoAUA95QNVbRTLtm8KPiGxvDl7I90VUw\nDQYJKoZIhvcNAQEFBQADggEBAMucN6pIExIK+t1EnE9SsPTfrgT1eXkIoyQY/Esr\nhMAtudXH/vTBH1jLuG2cenTnmCmrEbXjcKChzUyImZOMkXDiqw8cvpOp/2PV5Adg\n06O/nVsJ8dWO41P0jmP6P6fbtGbfYmbW0W5BjfIttep3Sp+dWOIrWcBAI+0tKIJF\nPnlUkiaY4IBIqDfv8NZ5YBberOgOzW6sRBc4L0na4UU+Krk2U886UAb3LujEV0ls\nYSEY1QSteDwsOoBrp+uvFRTp2InBuThs4pFsiv9kuXclVzDAGySj4dzp30d8tbQk\nCAUw7C29C79Fv1C5qfPrmAESrciIxpg0X40KPMbp1ZWVbd4=\n-----END CERTIFICATE-----",
     "driver": "com.sap.db.jdbc.Driver",
     "host": "ffa845c4-c70e-4774-ba37-c0a6fdf16850.hana.prod-us21.hanacloud.ondemand.com",
     "password": "Jo5MNpkfZyQSPuo_5e63hLvQ_4wE0AIdly9MOuu-DJWs9frvB7Ewb4imjWARXUYIvJ-2eoVYB0dncb8iLx.UWql9YEg25bHYPyjkzq5v2_YyZN7o8ZAun0xld4oTMv6e",
     "port": "443",
     "schema": "USR_19WTFXH295NQ4F41H0DNFBC8M",
     "url": "jdbc:sap://ffa845c4-c70e-4774-ba37-c0a6fdf16850.hana.prod-us21.hanacloud.ondemand.com:443?encrypt=true\u0026validateCertificate=true\u0026currentschema=USR_19WTFXH295NQ4F41H0DNFBC8M",
     "user": "USR_19WTFXH295NQ4F41H0DNFBC8M"
    },
    "instance_name": "ACC_SCHA",
    "label": "hana",
    "name": "ACC_SCHA",
    "plan": "schema",
    "provider": null,
    "syslog_drain_url": null,
    "tags": [
     "hana",
     "database",
     "relational"
    ],
    "volume_mounts": []
   }
  ],
  "xsuaa": [
   {
    "binding_name": null,
    "credentials": {
     "apiurl": "https://api.authentication.us21.hana.ondemand.com",
     "clientid": "sb-prod-acc-app!t403",
     "clientsecret": "hpvsQYpk8mv6v+XpZrXBW20be4I=",
     "identityzone": "acc-test",
     "identityzoneid": "ea509e10-d182-436c-916c-c6345bf698bb",
     "sburl": "https://internal-xsuaa.authentication.us21.hana.ondemand.com",
     "subaccountid": "ea509e10-d182-436c-916c-c6345bf698bb",
     "tenantid": "ea509e10-d182-436c-916c-c6345bf698bb",
     "tenantmode": "dedicated",
     "uaadomain": "authentication.us21.hana.ondemand.com",
     "url": "https://acc-test.authentication.us21.hana.ondemand.com",
     "verificationkey": "-----BEGIN PUBLIC KEY-----MIIBIjANBgkqhkiG9w0BAQEFAAOCAQ8AMIIBCgKCAQEA+UcwP0Fyjnu1vg328HiYLdCWpwhHN86sWmzzgId2Un/AUHOBUxaf75KlC7drLhfcStebYgI6XhallN3TVGXqeYxMyNfoxB+zydZoj4HM4IESfvB52xIpOBaZ47fn4wIRgzzxUI/x5q0FJf6u/E/L+mmZFPV7+x02klJjaHOg7WOPZSghC07vM0fwt4Ok4q5Kk6ePfzHaKyvDnugbyaVuKLpb5wMyoJ3yI/XLuTSjNm03WjfIjU6KE3yJhtI3hBKBXDFsScbpWzW19mKTL4f3/BEpdKc5JBN/GZYQETjULaA6L01OannesFoQI62HAYsYC7Z9UnLtvhDFtBYyVo58HwIDAQAB-----END PUBLIC KEY-----",
     "xsappname": "prod-acc-app!t403",
     "zoneid": "ea509e10-d182-436c-916c-c6345bf698bb"
    },
    "instance_name": "ACC_UAA",
    "label": "xsuaa",
    "name": "ACC_UAA",
    "plan": "application",
    "provider": null,
    "syslog_drain_url": null,
    "tags": [
     "xsuaa"
    ],
    "volume_mounts": []
   }
  ]
 }
}

{
 "VCAP_APPLICATION": {
  "application_id": "27b21014-9e9b-48e6-9adc-d1fbe50164db",
  "application_name": "acc-pyt-sch",
  "application_uris": [
   "acc-test-prod-acc-pyt-sch.cfapps.us21.hana.ondemand.com"
  ],
  "application_version": "addc2fe5-22b0-4b3f-97f7-018764009af2",
  "cf_api": "https://api.cf.us21.hana.ondemand.com",
  "limits": {
   "disk": 512,
   "fds": 32768,
   "mem": 256
  },
  "name": "acc-pyt-sch",
  "organization_id": "2c3e3173-e8e0-474e-b171-65a2689cc9e9",
  "organization_name": "acc-test",
  "process_id": "27b21014-9e9b-48e6-9adc-d1fbe50164db",
  "process_type": "web",
  "space_id": "b9f3094e-8c83-40d5-8133-f86b1f5ab0ff",
  "space_name": "prod",
  "uris": [
   "acc-test-prod-acc-pyt-sch.cfapps.us21.hana.ondemand.com"
  ],
  "users": null,
  "version": "addc2fe5-22b0-4b3f-97f7-018764009af2"
 }
}
